USER      PID   PPID  VSIZE  RSS   WCHAN            PC  NAME
root      1     0     22956  816   SyS_epoll_ 0006f600 S /init
root      2     0     0      0       kthreadd 00000000 S kthreadd
root      3     2     0      0     smpboot_th 00000000 S ksoftirqd/0
root      5     2     0      0     worker_thr 00000000 S kworker/0:0H
root      6     2     0      0     worker_thr 00000000 S kworker/u8:0
root      7     2     0      0     smpboot_th 00000000 S migration/0
root      8     2     0      0     rcu_gp_kth 00000000 S rcu_preempt
root      9     2     0      0     rcu_gp_kth 00000000 S rcu_bh
root      10    2     0      0     rcu_gp_kth 00000000 S rcu_sched
root      11    2     0      0     smpboot_th 00000000 S watchdog/0
root      12    2     0      0     smpboot_th 00000000 S watchdog/1
root      13    2     0      0     smpboot_th 00000000 S migration/1
root      14    2     0      0     smpboot_th 00000000 S ksoftirqd/1
root      15    2     0      0     worker_thr 00000000 S kworker/1:0
root      16    2     0      0     worker_thr 00000000 S kworker/1:0H
root      17    2     0      0     __kthread_ 00000000 R watchdog/2
root      18    2     0      0     __kthread_ 00000000 R migration/2
root      19    2     0      0     __kthread_ 00000000 R ksoftirqd/2
root      20    2     0      0     worker_thr 00000000 S kworker/2:0
root      21    2     0      0     worker_thr 00000000 S kworker/2:0H
root      22    2     0      0     __kthread_ 00000000 R watchdog/3
root      23    2     0      0     __kthread_ 00000000 R migration/3
root      24    2     0      0     __kthread_ 00000000 R ksoftirqd/3
root      25    2     0      0     worker_thr 00000000 S kworker/3:0
root      26    2     0      0     worker_thr 00000000 S kworker/3:0H
root      27    2     0      0     rescuer_th 00000000 S khelper
root      28    2     0      0     rescuer_th 00000000 S suspend_sys_syn
root      29    2     0      0     rescuer_th 00000000 S suspend
root      30    2     0      0     rescuer_th 00000000 S writeback
root      31    2     0      0     rescuer_th 00000000 S bioset
root      32    2     0      0     rescuer_th 00000000 S crypto
root      33    2     0      0     rescuer_th 00000000 S kblockd
root      34    2     0      0     rescuer_th 00000000 S 70a00000.spi
root      35    2     0      0     rescuer_th 00000000 S 70b00000.spi
root      36    2     0      0     rescuer_th 00000000 S 70c00000.spi
root      37    2     0      0     hub_thread 00000000 S khubd
root      55    2     0      0     print_thre 00000000 S pm_print
root      56    2     0      0     worker_thr 00000000 S kworker/0:1
root      57    2     0      0     rescuer_th 00000000 S cfg80211
root      58    2     0      0     worker_thr 00000000 S kworker/1:1
root      59    2     0      0     rescuer_th 00000000 S sprdbat_monitor
root      60    2     0      0         kswapd 00000000 S kswapd0
root      61    2     0      0     fsnotify_m 00000000 S fsnotify_mark
root      76    2     0      0     rescuer_th 00000000 S dwc_otg
root      77    2     0      0     rescuer_th 00000000 S USB2pcWq
root      78    2     0      0     rescuer_th 00000000 S USBDetectWq
root      79    2     0      0     rescuer_th 00000000 S USBReinitWq
root      80    2     0      0     worker_thr 00000000 S kworker/2:1
root      81    2     0      0     worker_thr 00000000 S kworker/3:1
root      82    2     0      0     rescuer_th 00000000 S msg2138
root      83    2     0      0     touch_even 00000000 S msg2138-wait-qu
root      84    2     0      0     rescuer_th 00000000 S lis3dh_acc_wq1
root      85    2     0      0     gsensor_ev 00000000 S gsensor-wait
root      86    2     0      0     rescuer_th 00000000 S epl2182_pls
root      88    2     0      0     irq_thread 00000000 S irq/302-sdio_sd
root      89    2     0      0     ion_heap_d 00000000 S ion_heap_system
root      90    2     0      0     ion_heap_d 00000000 S ion_heap_carveo
root      91    2     0      0     ion_heap_d 00000000 S ion_heap_carveo
root      92    2     0      0     ion_heap_d 00000000 S ion_heap_carveo
root      93    2     0      0     rescuer_th 00000000 S binder
root      94    2     0      0      smsg_recv 00000000 S sbuf-5-4
root      95    2     0      0      smsg_recv 00000000 S sbuf-5-5
root      96    2     0      0      smsg_recv 00000000 S sbuf-5-21
root      97    2     0      0      smsg_recv 00000000 S sbuf-5-6
root      98    2     0      0     rescuer_th 00000000 S saudio
root      99    2     0      0     sblock_rec 00000000 S saudio-5-10
root      100   2     0      0      smsg_recv 00000000 S sblock-5-13
root      101   2     0      0     rescuer_th 00000000 S saudio
root      102   2     0      0      smsg_recv 00000000 S sblock-5-10
root      103   2     0      0      smsg_recv 00000000 S sblock-5-11
root      104   2     0      0     sblock_rec 00000000 S saudio-5-14
root      105   2     0      0      smsg_recv 00000000 S sblock-5-12
root      106   2     0      0      smsg_recv 00000000 S sblock-5-17
root      107   2     0      0      smsg_recv 00000000 S sblock-5-14
root      108   2     0      0      smsg_recv 00000000 S sblock-5-15
root      109   2     0      0      smsg_recv 00000000 S sblock-5-16
root      111   2     0      0     rfcomm_run 00000000 S krfcommd
root      112   2     0      0      smsg_recv 00000000 S sblock-5-24
root      113   2     0      0     imsbr_kthr 00000000 S imsbr-data[5-24
root      114   2     0      0      smsg_recv 00000000 S sblock-5-25
root      115   2     0      0     imsbr_kthr 00000000 S imsbr-ctrl[5-25
root      116   2     0      0     rescuer_th 00000000 S deferwq
root      117   2     0      0      smsg_recv 00000000 S sipx-5-7
root      118   2     0      0      smsg_recv 00000000 S sipx-5-8
root      119   2     0      0      smsg_recv 00000000 S sipx-5-9
root      120   2     0      0      smsg_recv 00000000 S sipx-5-18
root      121   2     0      0      smsg_recv 00000000 S sipx-5-19
root      122   2     0      0      smsg_recv 00000000 S sipx-5-20
root      124   2     0      0     rescuer_th 00000000 S f_mtp
root      125   2     0      0     sleep_thre 00000000 S file-storage
root      126   2     0      0     rescuer_th 00000000 S headset_button
root      127   2     0      0     rescuer_th 00000000 S headset_detect
root      128   2     0      0     rescuer_th 00000000 S headset_reg_dum
root      129   2     0      0     rescuer_th 00000000 S adpgar_byp_sele
root      130   2     0      0     worker_thr 00000000 S kworker/u8:3
root      131   2     0      0     worker_thr 00000000 S kworker/u8:4
root      133   2     0      0     worker_thr 00000000 S kworker/u8:6
root      136   2     0      0     mmc_queue_ 00000000 S mmcqd/0
root      137   2     0      0     mmc_queue_ 00000000 S mmcqd/0boot0
root      138   2     0      0     mmc_queue_ 00000000 S mmcqd/0boot1
root      139   2     0      0     mmc_queue_ 00000000 S mmcqd/0rpmb
root      142   1     1960   628   poll_sched 000668b0 S /sbin/ueventd
root      145   2     0      0     mmc_queue_ 00000000 S mmcqd/1
root      149   2     0      0     worker_thr 00000000 S kworker/0:1H
root      150   2     0      0     kjournald2 00000000 S jbd2/mmcblk0p17
root      151   2     0      0     rescuer_th 00000000 S ext4-dio-unwrit
root      163   2     0      0     kjournald2 00000000 S jbd2/mmcblk0p23
root      164   2     0      0     rescuer_th 00000000 S ext4-dio-unwrit
root      170   2     0      0     kjournald2 00000000 S jbd2/mmcblk0p20
root      171   2     0      0     rescuer_th 00000000 S ext4-dio-unwrit
root      173   2     0      0     worker_thr 00000000 S kworker/1:1H
root      175   2     0      0     worker_thr 00000000 S kworker/3:1H
root      179   2     0      0     kjournald2 00000000 S jbd2/mmcblk0p1-
root      180   2     0      0     rescuer_th 00000000 S ext4-dio-unwrit
logd      181   1     13508  3728  sigsuspend b6e3f8e4 S /system/bin/logd
root      188   2     0      0     kauditd_th 00000000 S kauditd
root      190   2     0      0     rescuer_th 00000000 S gpu_dfs
root      191   2     0      0     worker_thr 00000000 S kworker/u9:0
root      192   1     9396   2472  hrtimer_na b6c389f4 S /system/bin/vold
system    198   1     5252   1688  binder_thr b6d90dd4 S /system/bin/gatekeeperd
root      199   1     2768   1068  hrtimer_na b6e579f4 S /system/xbin/perfprofd
root      204   2     0      0     worker_thr 00000000 S kworker/2:1H
root      211   1     2456   340   SyS_epoll_ 000369c4 S /sbin/healthd
root      212   1     3072   1084  SyS_epoll_ b6ed3f54 S /system/bin/lmkd
system    214   1     2956   1088  binder_thr b6dc3dd4 S /system/bin/servicemanager
system    215   1     55284  5388  SyS_epoll_ b6dedf54 S /system/bin/surfaceflinger
system    217   1     4676   776   hrtimer_na b6dc49f4 S /system/bin/modem_control
system    219   1     7792   1020  sigsuspend b6dce8e4 S /system/bin/modemd
system    220   1     14024  3620  hrtimer_na b6e339f4 S /system/bin/wcnd
system    223   1     988    112   poll_sched 0000e7dc S /bin/batterysrv
system    224   1     4832   964   futex_wait b6dd05ec S /system/bin/modemDriver_vpad_main
system    225   1     4716   964   hrtimer_na b6ea99f4 S /system/bin/download
system    226   1     5076   996   hrtimer_na b6e8c9f4 S /system/bin/gnss_download
shell     247   1     3036   1104  n_tty_read b6e10ffc S /system/bin/sh
system    266   1     32824  1296  sigsuspend b6e258e4 S /system/bin/phoneserver
root      267   1     14936  1912  hrtimer_na b6cf59f4 S /system/bin/netd
root      268   1     3212   1116  __skb_recv b6de3948 S /system/bin/debuggerd
drm       269   1     18368  5908  binder_thr b6d62dd4 S /system/bin/drmserver
media     270   1     169844 20284 binder_thr b69e1dd4 S /system/bin/mediaserver
root      271   1     2756   1032  unix_strea b6e44ffc S /system/bin/installd
keystore  272   1     5700   1972  binder_thr b6caadd4 S /system/bin/keystore
system    275   1     5532   1204  binder_thr b6dc3dd4 S /system/bin/phasecheckserver
root      277   1     6700   1584  __skb_recv b6ded884 S /system/bin/ju_ipsec_server
root      279   1     3060   908      do_wait b6f67250 S /system/xbin/srtd
system    280   1     5388   1076  futex_wait b6e6d5ec S /system/bin/thermald
root      281   1     2632   780   __skb_recv b6de6948 S /system/bin/ims_bridged
shell     282   1     3200   1132  poll_sched b6eaf548 S /system/bin/slogmodem
root      283   1     961248 60868 poll_sched b6d39548 S zygote
root      288   1     19232  4800  sys_restar b6d529f4 S /system/bin/engpc
system    290   1     5216   1124   sbuf_read b6e93ffc S /system/bin/refnotify
radio     292   1     13584  1640  hrtimer_na b6e409f4 S /system/bin/rild_sp
system    294   1     8036   4268   sbuf_read b6e9effc S /system/bin/cp_diskserver
radio     295   1     13584  1552  hrtimer_na b6e7f9f4 S /system/bin/rild_sp
root      297   1     7572   1580  hrtimer_na b6d539f4 S /system/bin/collect_apr
root      343   279   3060   288   __skb_recv b6f67948 S /system/xbin/srtd
root      452   1     16136  4032  hrtimer_na b6d7d9f4 S /system/bin/engpc
root      548   2     0      0     worker_thr 00000000 S kworker/0:2
root      577   1     2800   972   __skb_recv b6e1c884 S logcat
system    1183  283   1130288 102244 SyS_epoll_ b6d38f54 S system_server
radio     1382  283   711112 63204 SyS_epoll_ b6d38f54 S com.android.phone
media_rw  1411  192   6512   1776  inotify_re b6e5affc S /system/bin/sdcard
u0_a21    1415  283   649488 44688 SyS_epoll_ b6d38f54 S android.process.media
u0_a64    1442  283   720912 84348 SyS_epoll_ b6d38f54 S com.android.systemui
u0_a18    1459  283   665048 52412 SyS_epoll_ b6d38f54 S android.process.acore
root      1519  2     0      0           down 00000000 D wlan_trans
root      1520  2     0      0           down 00000000 D wlan_core
system    1545  283   675164 55200 SyS_epoll_ b6d38f54 S com.android.settings
u0_a54    1661  283   638848 34696 SyS_epoll_ b6d38f54 S com.android.smspush
system    1681  283   724960 65316 SyS_epoll_ b6d38f54 S com.juphoon.sprd.service
root      1728  2     0      0     worker_thr 00000000 S kworker/3:2
u0_a20    1809  283   691796 75320 SyS_epoll_ b6d38f54 S com.android.dialer
u0_a47    1858  283   704260 57092 SyS_epoll_ b6d38f54 S com.sprd.vowifi.security
wifi      1964  1     5784   2740  poll_sched b6e35708 S /system/bin/wpa_supplicant
root      1996  2     0      0     worker_thr 00000000 S kworker/1:2
u0_a11    2001  283   676032 57868 SyS_epoll_ b6d38f54 S com.android.inputmethod.latin
media_rw  2039  192   6768   2012  inotify_re b6e0effc S /system/bin/sdcard
system    2052  283   640232 34992 SyS_epoll_ b6d38f54 S com.spreadst.validator
u0_a65    2066  283   643032 34984 SyS_epoll_ b6d38f54 S com.android.modemassert
system    2079  283   642044 37444 SyS_epoll_ b6d38f54 S com.sprd.ImsConnectionManager
u0_a26    2094  283   1002540 61352 SyS_epoll_ b6d38f54 S com.android.launcher3
u0_a7     2145  283   640828 39912 SyS_epoll_ b6d38f54 S com.android.cellbroadcastreceiver
system    2223  283   653764 40216 SyS_epoll_ b6d38f54 S com.sprd.engineermode
system    2323  283   646176 40524 SyS_epoll_ b6d38f54 S com.android.deskclock
u0_a67    2366  283   640044 37500 SyS_epoll_ b6d38f54 S com.android.vpndialogs
u0_a3     2398  283   641844 39672 SyS_epoll_ b6d38f54 S com.android.providers.calendar
u0_a13    2416  283   645312 37796 SyS_epoll_ b6d38f54 S com.android.calendar
u0_a55    2470  283   665196 45532 SyS_epoll_ b6d38f54 S com.android.email
u0_a57    2485  283   649624 38080 SyS_epoll_ b6d38f54 S com.android.exchange
system    2521  283   640656 35764 SyS_epoll_ b6d38f54 S com.sprd.systemupdate
u0_a24    2561  283   732392 80092 SyS_epoll_ b6d38f54 S com.android.messaging
u0_a8     2594  283   645432 39464 SyS_epoll_ b6d38f54 S com.android.browser
root      2622  1     16196  2612  hrtimer_na b6e1f9f4 S /system/bin/slog
u0_a25    2658  283   641260 34420 SyS_epoll_ b6d38f54 S com.android.music
u0_a48    2696  283   645144 39292 SyS_epoll_ b6d38f54 S com.android.quicksearchbox
root      2721  2     0      0     worker_thr 00000000 S kworker/2:2
u0_a69    2735  283   977624 38712 SyS_epoll_ b6d38f54 S com.android.gallery3d
root      2830  2622  7364   3972  poll_sched b6cc7548 S tcpdump
root      3887  2     0      0     worker_thr 00000000 S kworker/u8:5
root      3913  2     0      0     worker_thr 00000000 S kworker/u8:1
radio     3945  283   640568 36340 SyS_epoll_ b6d38f54 S com.sprd.firewall
root      4002  2     0      0     worker_thr 00000000 S kworker/0:0
radio     4429  283   642752 37516 SyS_epoll_ b6d38f54 S system
root      4594  1     5536   308   poll_sched 0002b680 S /sbin/adbd
root      4605  4594  2716   1004           0 b6e14ffc R ps
