INFO:normal:cinema url is http://www.nuomi.com/cinema/764672e5023e64b494ec84d3
DEBUG:normal:9422/速度与激情7
DEBUG:normal:8901/战狼
DEBUG:normal:9410/咱们结婚吧
DEBUG:normal:9414/王牌特工：特工学院
DEBUG:normal:8883/我是女王
DEBUG:normal:9434/万物生长
DEBUG:normal:9428/暴疯语
DEBUG:normal:9432/魔法总动员
DEBUG:normal:9427/冲锋车
DEBUG:normal:9416/枪过境
DEBUG:normal:timetable url is http://www.nuomi.com/pcindex/main/timetable?cinemaid=764672e5023e64b494ec84d3&mid=9422&needMovieInfo=1&tploption=1&_=1428996058
INFO:normal:start to check plan for 速度与激情7
DEBUG:normal:movie link is /dianying/plan?seq_no=1428998400000014255&cinema_id=142&third_from=xingmei
DEBUG:normal: thirdfrom is xingmei
DEBUG:normal:movie link is /dianying/plan?seq_no=1428999300000014254&cinema_id=142&third_from=xingmei
DEBUG:normal: thirdfrom is xingmei
DEBUG:normal:movie link is /dianying/plan?seq_no=1428999900000014246&cinema_id=142&third_from=xingmei
DEBUG:normal: thirdfrom is xingmei
DEBUG:normal:movie link is /dianying/plan?seq_no=1429002000000014245&cinema_id=142&third_from=xingmei
DEBUG:normal: thirdfrom is xingmei
DEBUG:normal:movie link is /dianying/plan?seq_no=1429003800000014248&cinema_id=142&third_from=xingmei
DEBUG:normal: thirdfrom is xingmei
DEBUG:normal:movie link is /dianying/plan?seq_no=1429005900000014250&cinema_id=142&third_from=xingmei
DEBUG:normal: thirdfrom is xingmei
DEBUG:normal:movie link is /dianying/plan?seq_no=1429006200000014253&cinema_id=142&third_from=xingmei
DEBUG:normal: thirdfrom is xingmei
DEBUG:normal:movie link is /dianying/plan?seq_no=1429008000000014255&cinema_id=142&third_from=xingmei
DEBUG:normal: thirdfrom is xingmei
DEBUG:normal:movie link is /dianying/plan?seq_no=1429008600000014251&cinema_id=142&third_from=xingmei
DEBUG:normal: thirdfrom is xingmei
DEBUG:normal:movie link is /dianying/plan?seq_no=1429009200000014254&cinema_id=142&third_from=xingmei
DEBUG:normal: thirdfrom is xingmei
DEBUG:normal:movie link is /dianying/plan?seq_no=1429009800000014246&cinema_id=142&third_from=xingmei
DEBUG:normal: thirdfrom is xingmei
DEBUG:normal:movie link is /dianying/plan?seq_no=1429010100000014252&cinema_id=142&third_from=xingmei
DEBUG:normal: thirdfrom is xingmei
DEBUG:normal:movie link is /dianying/plan?seq_no=1429010700000014247&cinema_id=142&third_from=xingmei
DEBUG:normal: thirdfrom is xingmei
DEBUG:normal:movie link is /dianying/plan?seq_no=1429011600000014245&cinema_id=142&third_from=xingmei
DEBUG:normal: thirdfrom is xingmei
DEBUG:normal:movie link is /dianying/plan?seq_no=1429012500000014249&cinema_id=142&third_from=xingmei
DEBUG:normal: thirdfrom is xingmei
DEBUG:normal:movie link is /dianying/plan?seq_no=1429013400000014248&cinema_id=142&third_from=xingmei
DEBUG:normal: thirdfrom is xingmei
DEBUG:normal:movie link is /dianying/plan?seq_no=1429015500000014253&cinema_id=142&third_from=xingmei
DEBUG:normal: thirdfrom is xingmei
DEBUG:normal:movie link is /dianying/plan?seq_no=1429017600000014255&cinema_id=142&third_from=xingmei
DEBUG:normal: thirdfrom is xingmei
DEBUG:normal:movie link is /dianying/plan?seq_no=1429019400000014246&cinema_id=142&third_from=xingmei
DEBUG:normal: thirdfrom is xingmei
DEBUG:normal:movie link is /dianying/plan?seq_no=1429021200000014245&cinema_id=142&third_from=xingmei
DEBUG:normal: thirdfrom is xingmei
DEBUG:normal:movie link is /dianying/plan?seq_no=1429023000000014248&cinema_id=142&third_from=xingmei
DEBUG:normal: thirdfrom is xingmei
DEBUG:normal:movie link is /dianying/plan?seq_no=1429027200000014255&cinema_id=142&third_from=xingmei
DEBUG:normal: thirdfrom is xingmei
DEBUG:normal:movie link is /dianying/plan?seq_no=1429063200000014245&cinema_id=142&third_from=xingmei
DEBUG:normal: thirdfrom is xingmei
DEBUG:normal:movie link is /dianying/plan?seq_no=1429065000000014255&cinema_id=142&third_from=xingmei
DEBUG:normal: thirdfrom is xingmei
DEBUG:normal:movie link is /dianying/plan?seq_no=1429067400000014247&cinema_id=142&third_from=xingmei
DEBUG:normal: thirdfrom is xingmei
DEBUG:normal:movie link is /dianying/plan?seq_no=1429069800000014246&cinema_id=142&third_from=xingmei
DEBUG:normal: thirdfrom is xingmei
DEBUG:normal:movie link is /dianying/plan?seq_no=1429072800000014245&cinema_id=142&third_from=xingmei
DEBUG:normal: thirdfrom is xingmei
DEBUG:normal:movie link is /dianying/plan?seq_no=1429074600000014255&cinema_id=142&third_from=xingmei
DEBUG:normal: thirdfrom is xingmei
DEBUG:normal:movie link is /dianying/plan?seq_no=1429077000000014247&cinema_id=142&third_from=xingmei
DEBUG:normal: thirdfrom is xingmei
DEBUG:normal:movie link is /dianying/plan?seq_no=1429077900000014254&cinema_id=142&third_from=xingmei
DEBUG:normal: thirdfrom is xingmei
DEBUG:normal:movie link is /dianying/plan?seq_no=1429079100000014246&cinema_id=142&third_from=xingmei
DEBUG:normal: thirdfrom is xingmei
DEBUG:normal:movie link is /dianying/plan?seq_no=1429082100000014245&cinema_id=142&third_from=xingmei
DEBUG:normal: thirdfrom is xingmei
DEBUG:normal:movie link is /dianying/plan?seq_no=1429084200000014255&cinema_id=142&third_from=xingmei
DEBUG:normal: thirdfrom is xingmei
DEBUG:normal:movie link is /dianying/plan?seq_no=1429086600000014247&cinema_id=142&third_from=xingmei
DEBUG:normal: thirdfrom is xingmei
DEBUG:normal:movie link is /dianying/plan?seq_no=1429089000000014248&cinema_id=142&third_from=xingmei
DEBUG:normal: thirdfrom is xingmei
DEBUG:normal:movie link is /dianying/plan?seq_no=1429091700000014251&cinema_id=142&third_from=xingmei
DEBUG:normal: thirdfrom is xingmei
DEBUG:normal:movie link is /dianying/plan?seq_no=1429092600000014253&cinema_id=142&third_from=xingmei
DEBUG:normal: thirdfrom is xingmei
DEBUG:normal:movie link is /dianying/plan?seq_no=1429093800000014255&cinema_id=142&third_from=xingmei
DEBUG:normal: thirdfrom is xingmei
DEBUG:normal:movie link is /dianying/plan?seq_no=1429095000000014246&cinema_id=142&third_from=xingmei
DEBUG:normal: thirdfrom is xingmei
DEBUG:normal:movie link is /dianying/plan?seq_no=1429095600000014250&cinema_id=142&third_from=xingmei
DEBUG:normal: thirdfrom is xingmei
DEBUG:normal:movie link is /dianying/plan?seq_no=1429096200000014247&cinema_id=142&third_from=xingmei
DEBUG:normal: thirdfrom is xingmei
DEBUG:normal:movie link is /dianying/plan?seq_no=1429098000000014245&cinema_id=142&third_from=xingmei
DEBUG:normal: thirdfrom is xingmei
DEBUG:normal:movie link is /dianying/plan?seq_no=1429098600000014248&cinema_id=142&third_from=xingmei
DEBUG:normal: thirdfrom is xingmei
DEBUG:normal:movie link is /dianying/plan?seq_no=1429099800000014254&cinema_id=142&third_from=xingmei
DEBUG:normal: thirdfrom is xingmei
DEBUG:normal:movie link is /dianying/plan?seq_no=1429101000000014251&cinema_id=142&third_from=xingmei
DEBUG:normal: thirdfrom is xingmei
DEBUG:normal:movie link is /dianying/plan?seq_no=1429102200000014253&cinema_id=142&third_from=xingmei
DEBUG:normal: thirdfrom is xingmei
DEBUG:normal:movie link is /dianying/plan?seq_no=1429103400000014255&cinema_id=142&third_from=xingmei
DEBUG:normal: thirdfrom is xingmei
DEBUG:normal:movie link is /dianying/plan?seq_no=1429104600000014246&cinema_id=142&third_from=xingmei
DEBUG:normal: thirdfrom is xingmei
DEBUG:normal:movie link is /dianying/plan?seq_no=1429105800000014247&cinema_id=142&third_from=xingmei
DEBUG:normal: thirdfrom is xingmei
DEBUG:normal:movie link is /dianying/plan?seq_no=1429108200000014248&cinema_id=142&third_from=xingmei
DEBUG:normal: thirdfrom is xingmei
DEBUG:normal:movie link is /dianying/plan?seq_no=1429109400000014254&cinema_id=142&third_from=xingmei
DEBUG:normal: thirdfrom is xingmei
DEBUG:normal:movie link is /dianying/plan?seq_no=1429113000000014255&cinema_id=142&third_from=xingmei
DEBUG:normal: thirdfrom is xingmei
DEBUG:normal:movie link is /dianying/plan?seq_no=1429149600000014245&cinema_id=142&third_from=xingmei
DEBUG:normal: thirdfrom is xingmei
DEBUG:normal:movie link is /dianying/plan?seq_no=1429151400000014255&cinema_id=142&third_from=xingmei
DEBUG:normal: thirdfrom is xingmei
DEBUG:normal:movie link is /dianying/plan?seq_no=1429153800000014247&cinema_id=142&third_from=xingmei
DEBUG:normal: thirdfrom is xingmei
DEBUG:normal:movie link is /dianying/plan?seq_no=1429156500000014246&cinema_id=142&third_from=xingmei
DEBUG:normal: thirdfrom is xingmei
DEBUG:normal:movie link is /dianying/plan?seq_no=1429159200000014245&cinema_id=142&third_from=xingmei
DEBUG:normal: thirdfrom is xingmei
DEBUG:normal:movie link is /dianying/plan?seq_no=1429161000000014255&cinema_id=142&third_from=xingmei
DEBUG:normal: thirdfrom is xingmei
DEBUG:normal:movie link is /dianying/plan?seq_no=1429163400000014247&cinema_id=142&third_from=xingmei
DEBUG:normal: thirdfrom is xingmei
DEBUG:normal:movie link is /dianying/plan?seq_no=1429164000000014254&cinema_id=142&third_from=xingmei
DEBUG:normal: thirdfrom is xingmei
DEBUG:normal:movie link is /dianying/plan?seq_no=1429165500000014246&cinema_id=142&third_from=xingmei
DEBUG:normal: thirdfrom is xingmei
DEBUG:normal:movie link is /dianying/plan?seq_no=1429168500000014245&cinema_id=142&third_from=xingmei
DEBUG:normal: thirdfrom is xingmei
DEBUG:normal:movie link is /dianying/plan?seq_no=1429170600000014255&cinema_id=142&third_from=xingmei
DEBUG:normal: thirdfrom is xingmei
DEBUG:normal:movie link is /dianying/plan?seq_no=1429172700000014247&cinema_id=142&third_from=xingmei
DEBUG:normal: thirdfrom is xingmei
DEBUG:normal:movie link is /dianying/plan?seq_no=1429175400000014248&cinema_id=142&third_from=xingmei
DEBUG:normal: thirdfrom is xingmei
DEBUG:normal:movie link is /dianying/plan?seq_no=1429178100000014251&cinema_id=142&third_from=xingmei
DEBUG:normal: thirdfrom is xingmei
DEBUG:normal:movie link is /dianying/plan?seq_no=1429179000000014253&cinema_id=142&third_from=xingmei
DEBUG:normal: thirdfrom is xingmei
DEBUG:normal:movie link is /dianying/plan?seq_no=1429180200000014255&cinema_id=142&third_from=xingmei
DEBUG:normal: thirdfrom is xingmei
DEBUG:normal:movie link is /dianying/plan?seq_no=1429181400000014246&cinema_id=142&third_from=xingmei
DEBUG:normal: thirdfrom is xingmei
DEBUG:normal:movie link is /dianying/plan?seq_no=1429182000000014250&cinema_id=142&third_from=xingmei
DEBUG:normal: thirdfrom is xingmei
DEBUG:normal:movie link is /dianying/plan?seq_no=1429182600000014247&cinema_id=142&third_from=xingmei
DEBUG:normal: thirdfrom is xingmei
DEBUG:normal:movie link is /dianying/plan?seq_no=1429184400000014245&cinema_id=142&third_from=xingmei
DEBUG:normal: thirdfrom is xingmei
DEBUG:normal:movie link is /dianying/plan?seq_no=1429185000000014248&cinema_id=142&third_from=xingmei
DEBUG:normal: thirdfrom is xingmei
DEBUG:normal:movie link is /dianying/plan?seq_no=1429186500000014254&cinema_id=142&third_from=xingmei
DEBUG:normal: thirdfrom is xingmei
DEBUG:normal:movie link is /dianying/plan?seq_no=1429187400000014251&cinema_id=142&third_from=xingmei
DEBUG:normal: thirdfrom is xingmei
DEBUG:normal:movie link is /dianying/plan?seq_no=1429188600000014253&cinema_id=142&third_from=xingmei
DEBUG:normal: thirdfrom is xingmei
DEBUG:normal:movie link is /dianying/plan?seq_no=1429189800000014255&cinema_id=142&third_from=xingmei
DEBUG:normal: thirdfrom is xingmei
DEBUG:normal:movie link is /dianying/plan?seq_no=1429191000000014246&cinema_id=142&third_from=xingmei
DEBUG:normal: thirdfrom is xingmei
DEBUG:normal:movie link is /dianying/plan?seq_no=1429192200000014247&cinema_id=142&third_from=xingmei
DEBUG:normal: thirdfrom is xingmei
DEBUG:normal:movie link is /dianying/plan?seq_no=1429194600000014248&cinema_id=142&third_from=xingmei
DEBUG:normal: thirdfrom is xingmei
DEBUG:normal:movie link is /dianying/plan?seq_no=1429195800000014254&cinema_id=142&third_from=xingmei
DEBUG:normal: thirdfrom is xingmei
DEBUG:normal:movie link is /dianying/plan?seq_no=1429199400000014255&cinema_id=142&third_from=xingmei
DEBUG:normal: thirdfrom is xingmei
DEBUG:normal:movie link is /dianying/plan?seq_no=1430032800000014246&cinema_id=142&third_from=xingmei
DEBUG:normal: thirdfrom is xingmei
DEBUG:normal:timetable url is http://www.nuomi.com/pcindex/main/timetable?cinemaid=764672e5023e64b494ec84d3&mid=8901&needMovieInfo=1&tploption=1&_=1428996059
INFO:normal:start to check plan for 战狼
DEBUG:normal:movie link is /dianying/plan?seq_no=1429003500000014252&cinema_id=142&third_from=xingmei
DEBUG:normal: thirdfrom is xingmei
DEBUG:normal:movie link is /dianying/plan?seq_no=1429017900000014251&cinema_id=142&third_from=xingmei
DEBUG:normal: thirdfrom is xingmei
DEBUG:normal:movie link is /dianying/plan?seq_no=1429024200000014251&cinema_id=142&third_from=xingmei
DEBUG:normal: thirdfrom is xingmei
DEBUG:normal:movie link is /dianying/plan?seq_no=1429064700000014251&cinema_id=142&third_from=xingmei
DEBUG:normal: thirdfrom is xingmei
DEBUG:normal:movie link is /dianying/plan?seq_no=1429067700000014250&cinema_id=142&third_from=xingmei
DEBUG:normal: thirdfrom is xingmei
DEBUG:normal:movie link is /dianying/plan?seq_no=1429071300000014251&cinema_id=142&third_from=xingmei
DEBUG:normal: thirdfrom is xingmei
DEBUG:normal:movie link is /dianying/plan?seq_no=1429074000000014250&cinema_id=142&third_from=xingmei
DEBUG:normal: thirdfrom is xingmei
DEBUG:normal:movie link is /dianying/plan?seq_no=1429077900000014251&cinema_id=142&third_from=xingmei
DEBUG:normal: thirdfrom is xingmei
DEBUG:normal:movie link is /dianying/plan?seq_no=1429082400000014248&cinema_id=142&third_from=xingmei
DEBUG:normal: thirdfrom is xingmei
DEBUG:normal:movie link is /dianying/plan?seq_no=1429086900000014254&cinema_id=142&third_from=xingmei
DEBUG:normal: thirdfrom is xingmei
DEBUG:normal:movie link is /dianying/plan?seq_no=1429088400000014246&cinema_id=142&third_from=xingmei
DEBUG:normal: thirdfrom is xingmei
DEBUG:normal:movie link is /dianying/plan?seq_no=1429091400000014245&cinema_id=142&third_from=xingmei
DEBUG:normal: thirdfrom is xingmei
DEBUG:normal:movie link is /dianying/plan?seq_no=1429110300000014251&cinema_id=142&third_from=xingmei
DEBUG:normal: thirdfrom is xingmei
DEBUG:normal:movie link is /dianying/plan?seq_no=1429150800000014254&cinema_id=142&third_from=xingmei
DEBUG:normal: thirdfrom is xingmei
DEBUG:normal:movie link is /dianying/plan?seq_no=1429157400000014254&cinema_id=142&third_from=xingmei
DEBUG:normal: thirdfrom is xingmei
DEBUG:normal:movie link is /dianying/plan?seq_no=1429161000000014250&cinema_id=142&third_from=xingmei
DEBUG:normal: thirdfrom is xingmei
DEBUG:normal:movie link is /dianying/plan?seq_no=1429168800000014248&cinema_id=142&third_from=xingmei
DEBUG:normal: thirdfrom is xingmei
DEBUG:normal:movie link is /dianying/plan?seq_no=1429173300000014254&cinema_id=142&third_from=xingmei
DEBUG:normal: thirdfrom is xingmei
DEBUG:normal:movie link is /dianying/plan?seq_no=1429174800000014246&cinema_id=142&third_from=xingmei
DEBUG:normal: thirdfrom is xingmei
DEBUG:normal:movie link is /dianying/plan?seq_no=1429177800000014245&cinema_id=142&third_from=xingmei
DEBUG:normal: thirdfrom is xingmei
DEBUG:normal:movie link is /dianying/plan?seq_no=1430042400000014246&cinema_id=142&third_from=xingmei
DEBUG:normal: thirdfrom is xingmei
DEBUG:normal:timetable url is http://www.nuomi.com/pcindex/main/timetable?cinemaid=764672e5023e64b494ec84d3&mid=9410&needMovieInfo=1&tploption=1&_=1428996059
INFO:normal:start to check plan for 咱们结婚吧
DEBUG:normal:movie link is /dianying/plan?seq_no=1429002300000014244&cinema_id=142&third_from=xingmei
DEBUG:normal: thirdfrom is xingmei
DEBUG:normal:movie link is /dianying/plan?seq_no=1429019700000014252&cinema_id=142&third_from=xingmei
DEBUG:normal: thirdfrom is xingmei
DEBUG:normal:movie link is /dianying/plan?seq_no=1429022400000014249&cinema_id=142&third_from=xingmei
DEBUG:normal: thirdfrom is xingmei
DEBUG:normal:movie link is /dianying/plan?seq_no=1429065300000014248&cinema_id=142&third_from=xingmei
DEBUG:normal: thirdfrom is xingmei
DEBUG:normal:movie link is /dianying/plan?seq_no=1429070700000014249&cinema_id=142&third_from=xingmei
DEBUG:normal: thirdfrom is xingmei
DEBUG:normal:movie link is /dianying/plan?seq_no=1429073700000014248&cinema_id=142&third_from=xingmei
DEBUG:normal: thirdfrom is xingmei
DEBUG:normal:movie link is /dianying/plan?seq_no=1429079400000014249&cinema_id=142&third_from=xingmei
DEBUG:normal: thirdfrom is xingmei
DEBUG:normal:movie link is /dianying/plan?seq_no=1429088100000014249&cinema_id=142&third_from=xingmei
DEBUG:normal: thirdfrom is xingmei
DEBUG:normal:movie link is /dianying/plan?seq_no=1429105500000014250&cinema_id=142&third_from=xingmei
DEBUG:normal: thirdfrom is xingmei
DEBUG:normal:movie link is /dianying/plan?seq_no=1429151700000014248&cinema_id=142&third_from=xingmei
DEBUG:normal: thirdfrom is xingmei
DEBUG:normal:movie link is /dianying/plan?seq_no=1429152900000014244&cinema_id=142&third_from=xingmei
DEBUG:normal: thirdfrom is xingmei
DEBUG:normal:movie link is /dianying/plan?seq_no=1429160100000014248&cinema_id=142&third_from=xingmei
DEBUG:normal: thirdfrom is xingmei
DEBUG:normal:movie link is /dianying/plan?seq_no=1429161600000014244&cinema_id=142&third_from=xingmei
DEBUG:normal: thirdfrom is xingmei
DEBUG:normal:movie link is /dianying/plan?seq_no=1429170300000014244&cinema_id=142&third_from=xingmei
DEBUG:normal: thirdfrom is xingmei
DEBUG:normal:movie link is /dianying/plan?seq_no=1429191900000014250&cinema_id=142&third_from=xingmei
DEBUG:normal: thirdfrom is xingmei
DEBUG:normal:timetable url is http://www.nuomi.com/pcindex/main/timetable?cinemaid=764672e5023e64b494ec84d3&mid=9414&needMovieInfo=1&tploption=1&_=1428996059
INFO:normal:start to check plan for 王牌特工：特工学院
DEBUG:normal:movie link is /dianying/plan?seq_no=1429000200000014251&cinema_id=142&third_from=xingmei
DEBUG:normal: thirdfrom is xingmei
DEBUG:normal:movie link is /dianying/plan?seq_no=1429002600000014247&cinema_id=142&third_from=xingmei
DEBUG:normal: thirdfrom is xingmei
DEBUG:normal:movie link is /dianying/plan?seq_no=1429011000000014244&cinema_id=142&third_from=xingmei
DEBUG:normal: thirdfrom is xingmei
DEBUG:normal:movie link is /dianying/plan?seq_no=1429018500000014254&cinema_id=142&third_from=xingmei
DEBUG:normal: thirdfrom is xingmei
DEBUG:normal:movie link is /dianying/plan?seq_no=1429020600000014247&cinema_id=142&third_from=xingmei
DEBUG:normal: thirdfrom is xingmei
DEBUG:normal:movie link is /dianying/plan?seq_no=1429065900000014253&cinema_id=142&third_from=xingmei
DEBUG:normal: thirdfrom is xingmei
DEBUG:normal:movie link is /dianying/plan?seq_no=1429070100000014252&cinema_id=142&third_from=xingmei
DEBUG:normal: thirdfrom is xingmei
DEBUG:normal:movie link is /dianying/plan?seq_no=1429074900000014253&cinema_id=142&third_from=xingmei
DEBUG:normal: thirdfrom is xingmei
DEBUG:normal:movie link is /dianying/plan?seq_no=1429078800000014252&cinema_id=142&third_from=xingmei
DEBUG:normal: thirdfrom is xingmei
DEBUG:normal:movie link is /dianying/plan?seq_no=1429083600000014253&cinema_id=142&third_from=xingmei
DEBUG:normal: thirdfrom is xingmei
DEBUG:normal:movie link is /dianying/plan?seq_no=1429087500000014252&cinema_id=142&third_from=xingmei
DEBUG:normal: thirdfrom is xingmei
DEBUG:normal:movie link is /dianying/plan?seq_no=1429092900000014244&cinema_id=142&third_from=xingmei
DEBUG:normal: thirdfrom is xingmei
DEBUG:normal:movie link is /dianying/plan?seq_no=1429096500000014252&cinema_id=142&third_from=xingmei
DEBUG:normal: thirdfrom is xingmei
DEBUG:normal:movie link is /dianying/plan?seq_no=1429105200000014252&cinema_id=142&third_from=xingmei
DEBUG:normal: thirdfrom is xingmei
DEBUG:normal:movie link is /dianying/plan?seq_no=1429107300000014245&cinema_id=142&third_from=xingmei
DEBUG:normal: thirdfrom is xingmei
DEBUG:normal:movie link is /dianying/plan?seq_no=1429152300000014253&cinema_id=142&third_from=xingmei
DEBUG:normal: thirdfrom is xingmei
DEBUG:normal:movie link is /dianying/plan?seq_no=1429157100000014252&cinema_id=142&third_from=xingmei
DEBUG:normal: thirdfrom is xingmei
DEBUG:normal:movie link is /dianying/plan?seq_no=1429161300000014253&cinema_id=142&third_from=xingmei
DEBUG:normal: thirdfrom is xingmei
DEBUG:normal:movie link is /dianying/plan?seq_no=1429165500000014252&cinema_id=142&third_from=xingmei
DEBUG:normal: thirdfrom is xingmei
DEBUG:normal:movie link is /dianying/plan?seq_no=1429170000000014253&cinema_id=142&third_from=xingmei
DEBUG:normal: thirdfrom is xingmei
DEBUG:normal:movie link is /dianying/plan?seq_no=1429173900000014252&cinema_id=142&third_from=xingmei
DEBUG:normal: thirdfrom is xingmei
DEBUG:normal:movie link is /dianying/plan?seq_no=1429178700000014244&cinema_id=142&third_from=xingmei
DEBUG:normal: thirdfrom is xingmei
DEBUG:normal:movie link is /dianying/plan?seq_no=1429182900000014252&cinema_id=142&third_from=xingmei
DEBUG:normal: thirdfrom is xingmei
DEBUG:normal:movie link is /dianying/plan?seq_no=1429191600000014252&cinema_id=142&third_from=xingmei
DEBUG:normal: thirdfrom is xingmei
DEBUG:normal:movie link is /dianying/plan?seq_no=1429193700000014245&cinema_id=142&third_from=xingmei
DEBUG:normal: thirdfrom is xingmei
DEBUG:normal:timetable url is http://www.nuomi.com/pcindex/main/timetable?cinemaid=764672e5023e64b494ec84d3&mid=8883&needMovieInfo=1&tploption=1&_=1428996060
INFO:normal:start to check plan for 我是女王
DEBUG:normal:movie link is /dianying/plan?seq_no=1429078200000014244&cinema_id=142&third_from=xingmei
DEBUG:normal: thirdfrom is xingmei
DEBUG:normal:movie link is /dianying/plan?seq_no=1429080600000014250&cinema_id=142&third_from=xingmei
DEBUG:normal: thirdfrom is xingmei
DEBUG:normal:movie link is /dianying/plan?seq_no=1429084200000014251&cinema_id=142&third_from=xingmei
DEBUG:normal: thirdfrom is xingmei
DEBUG:normal:movie link is /dianying/plan?seq_no=1429085700000014244&cinema_id=142&third_from=xingmei
DEBUG:normal: thirdfrom is xingmei
DEBUG:normal:movie link is /dianying/plan?seq_no=1429087800000014250&cinema_id=142&third_from=xingmei
DEBUG:normal: thirdfrom is xingmei
DEBUG:normal:movie link is /dianying/plan?seq_no=1429092900000014254&cinema_id=142&third_from=xingmei
DEBUG:normal: thirdfrom is xingmei
DEBUG:normal:movie link is /dianying/plan?seq_no=1429101300000014244&cinema_id=142&third_from=xingmei
DEBUG:normal: thirdfrom is xingmei
DEBUG:normal:movie link is /dianying/plan?seq_no=1429104900000014249&cinema_id=142&third_from=xingmei
DEBUG:normal: thirdfrom is xingmei
DEBUG:normal:movie link is /dianying/plan?seq_no=1429108800000014244&cinema_id=142&third_from=xingmei
DEBUG:normal: thirdfrom is xingmei
DEBUG:normal:movie link is /dianying/plan?seq_no=1429149900000014252&cinema_id=142&third_from=xingmei
DEBUG:normal: thirdfrom is xingmei
DEBUG:normal:movie link is /dianying/plan?seq_no=1429153200000014249&cinema_id=142&third_from=xingmei
DEBUG:normal: thirdfrom is xingmei
DEBUG:normal:movie link is /dianying/plan?seq_no=1429156200000014251&cinema_id=142&third_from=xingmei
DEBUG:normal: thirdfrom is xingmei
DEBUG:normal:movie link is /dianying/plan?seq_no=1429160700000014249&cinema_id=142&third_from=xingmei
DEBUG:normal: thirdfrom is xingmei
DEBUG:normal:movie link is /dianying/plan?seq_no=1429163700000014251&cinema_id=142&third_from=xingmei
DEBUG:normal: thirdfrom is xingmei
DEBUG:normal:movie link is /dianying/plan?seq_no=1429168200000014249&cinema_id=142&third_from=xingmei
DEBUG:normal: thirdfrom is xingmei
DEBUG:normal:movie link is /dianying/plan?seq_no=1429170900000014251&cinema_id=142&third_from=xingmei
DEBUG:normal: thirdfrom is xingmei
DEBUG:normal:movie link is /dianying/plan?seq_no=1429175700000014249&cinema_id=142&third_from=xingmei
DEBUG:normal: thirdfrom is xingmei
DEBUG:normal:movie link is /dianying/plan?seq_no=1429179300000014254&cinema_id=142&third_from=xingmei
DEBUG:normal: thirdfrom is xingmei
DEBUG:normal:movie link is /dianying/plan?seq_no=1429183200000014249&cinema_id=142&third_from=xingmei
DEBUG:normal: thirdfrom is xingmei
DEBUG:normal:movie link is /dianying/plan?seq_no=1429187700000014244&cinema_id=142&third_from=xingmei
DEBUG:normal: thirdfrom is xingmei
DEBUG:normal:movie link is /dianying/plan?seq_no=1429190700000014249&cinema_id=142&third_from=xingmei
DEBUG:normal: thirdfrom is xingmei
DEBUG:normal:movie link is /dianying/plan?seq_no=1429195200000014244&cinema_id=142&third_from=xingmei
DEBUG:normal: thirdfrom is xingmei
DEBUG:normal:timetable url is http://www.nuomi.com/pcindex/main/timetable?cinemaid=764672e5023e64b494ec84d3&mid=9434&needMovieInfo=1&tploption=1&_=1428996060
INFO:normal:start to check plan for 万物生长
DEBUG:normal:movie link is /dianying/plan?seq_no=1429097100000014249&cinema_id=142&third_from=xingmei
DEBUG:normal: thirdfrom is xingmei
DEBUG:normal:timetable url is http://www.nuomi.com/pcindex/main/timetable?cinemaid=764672e5023e64b494ec84d3&mid=9428&needMovieInfo=1&tploption=1&_=1428996060
INFO:normal:start to check plan for 暴疯语
DEBUG:normal:movie link is /dianying/plan?seq_no=1429005300000014249&cinema_id=142&third_from=xingmei
DEBUG:normal: thirdfrom is xingmei
DEBUG:normal:movie link is /dianying/plan?seq_no=1429019100000014244&cinema_id=142&third_from=xingmei
DEBUG:normal: thirdfrom is xingmei
DEBUG:normal:movie link is /dianying/plan?seq_no=1429064100000014254&cinema_id=142&third_from=xingmei
DEBUG:normal: thirdfrom is xingmei
DEBUG:normal:movie link is /dianying/plan?seq_no=1429071000000014254&cinema_id=142&third_from=xingmei
DEBUG:normal: thirdfrom is xingmei
DEBUG:normal:timetable url is http://www.nuomi.com/pcindex/main/timetable?cinemaid=764672e5023e64b494ec84d3&mid=9432&needMovieInfo=1&tploption=1&_=1428996061
INFO:normal:start to check plan for 魔法总动员
DEBUG:normal:movie link is /dianying/plan?seq_no=1429063500000014252&cinema_id=142&third_from=xingmei
DEBUG:normal: thirdfrom is xingmei
DEBUG:normal:movie link is /dianying/plan?seq_no=1429065600000014244&cinema_id=142&third_from=xingmei
DEBUG:normal: thirdfrom is xingmei
DEBUG:normal:movie link is /dianying/plan?seq_no=1429150200000014251&cinema_id=142&third_from=xingmei
DEBUG:normal: thirdfrom is xingmei
DEBUG:normal:timetable url is http://www.nuomi.com/pcindex/main/timetable?cinemaid=764672e5023e64b494ec84d3&mid=9427&needMovieInfo=1&tploption=1&_=1428996061
INFO:normal:start to check plan for 冲锋车
DEBUG:normal:movie link is /dianying/plan?seq_no=1429063800000014249&cinema_id=142&third_from=xingmei
DEBUG:normal: thirdfrom is xingmei
DEBUG:normal:movie link is /dianying/plan?seq_no=1429071600000014244&cinema_id=142&third_from=xingmei
DEBUG:normal: thirdfrom is xingmei
DEBUG:normal:timetable url is http://www.nuomi.com/pcindex/main/timetable?cinemaid=764672e5023e64b494ec84d3&mid=9416&needMovieInfo=1&tploption=1&_=1428996061
INFO:normal:start to check plan for 枪过境
